<?xml version="1.0" encoding="UTF-8"?>
<!-- Generated by org.testng.reporters.JUnitReportReporter -->
<testsuite hostname="LAPTOP-4M3SS19M" failures="0" tests="1" name="practice_demo.NewTest" time="5.086" errors="0" timestamp="2020-10-14T12:47:11 IST" skipped="0">
  <testcase classname="practice_demo.NewTest" name="test1" time="5.086"/>
  <system-out/>
</testsuite> <!-- practice_demo.NewTest -->
